/lhome/yuma.k/research/project/no-checker-enhancement/.venv/lib/python3.9/site-packages/hydra/core/default_element.py:122: UserWarning: In 'lr_scheduler/multi_step': Usage of deprecated keyword in package header '# @package _group_'.
See https://hydra.cc/docs/next/upgrades/1.0_to_1.1/changes_to_package_header for more information
  warnings.warn(
/lhome/yuma.k/research/project/no-checker-enhancement/.venv/lib/python3.9/site-packages/hydra/core/default_element.py:122: UserWarning: In 'optimizer/adam': Usage of deprecated keyword in package header '# @package _group_'.
See https://hydra.cc/docs/next/upgrades/1.0_to_1.1/changes_to_package_header for more information
  warnings.warn(
/lhome/yuma.k/research/project/no-checker-enhancement/.venv/lib/python3.9/site-packages/hydra/core/default_element.py:122: UserWarning: In 'dataset/cai_mef': Usage of deprecated keyword in package header '# @package _group_'.
See https://hydra.cc/docs/next/upgrades/1.0_to_1.1/changes_to_package_header for more information
  warnings.warn(
/lhome/yuma.k/research/project/no-checker-enhancement/.venv/lib/python3.9/site-packages/hydra/core/default_element.py:122: UserWarning: In 'model/se-itm-net': Usage of deprecated keyword in package header '# @package _group_'.
See https://hydra.cc/docs/next/upgrades/1.0_to_1.1/changes_to_package_header for more information
  warnings.warn(
/lhome/yuma.k/research/project/no-checker-enhancement/.venv/lib/python3.9/site-packages/torchvision/transforms/transforms.py:834: UserWarning: Argument interpolation should be of type InterpolationMode instead of int. Please, use InterpolationMode enum.
  warnings.warn(
-----Parameters-----
model:
  name: se-itm-net
  param:
    activation: relu
    up_layer:
      name: conv_transpose2d
      param:
        order: 0
        hold_mode: hold_last
        bias_mode: bias_first
        padding_mode: zeros
    down_layer:
      name: conv2d
      param:
        order: 0
        hold_mode: hold_first
        bias_mode: bias_first
        padding_mode: zeros
dataset:
  name: cai_mef
  path: ./data/
  download: true
  transforms:
    paired_random_horizontal_flip:
      param:
        p: 0.5
    paired_random_resized_crop:
      param:
        size:
        - 129
        - 129
        scale:
        - 0.6
        - 1.0
        ratio:
        - 0.75
        - 1.33
        interpolation: Image.BICUBIC
  pre_load: false
optimizer:
  name: adam
  params:
    lr: 0.001
    betas:
    - 0.9
    - 0.999
    eps: 1.0e-08
    weight_decay: 0
    amsgrad: false
lr_scheduler:
  name: multi_step
  params:
    milestones:
    - 0.5
    - 0.75
    ratio: 0.1
seed: null
epoch: 100
loader:
  batch_size: 80
  num_workers: 0
test:
  result_path: ./result/

--------------------
Unpacking /lhome/yuma.k/research/project/no-checker-enhancement/data/part0.rar...
Error executing job with overrides: ['dataset.download=True']
Traceback (most recent call last):
  File "/lhome/yuma.k/research/project/no-checker-enhancement/src/train.py", line 152, in main
    trainloaders, valloaders = get_data_loaders(cfg)
  File "/lhome/yuma.k/research/project/no-checker-enhancement/src/train.py", line 69, in get_data_loaders
    trainset = CaiMEImageDataset(
  File "/lhome/yuma.k/research/project/no-checker-enhancement/.venv/lib/python3.9/site-packages/deepy/data/vision/caimef.py", line 40, in __init__
    self.download()
  File "/lhome/yuma.k/research/project/no-checker-enhancement/.venv/lib/python3.9/site-packages/deepy/data/vision/caimef.py", line 127, in download
    unpack_rar(str(filename))
  File "/lhome/yuma.k/research/project/no-checker-enhancement/.venv/lib/python3.9/site-packages/deepy/data/util.py", line 47, in unpack_rar
    rf = rarfile.RarFile(str(src_path))
  File "/lhome/yuma.k/research/project/no-checker-enhancement/.venv/lib/python3.9/site-packages/rarfile.py", line 657, in __init__
    self._parse()
  File "/lhome/yuma.k/research/project/no-checker-enhancement/.venv/lib/python3.9/site-packages/rarfile.py", line 853, in _parse
    self._file_parser.parse()
  File "/lhome/yuma.k/research/project/no-checker-enhancement/.venv/lib/python3.9/site-packages/rarfile.py", line 965, in parse
    self._parse_real()
  File "/lhome/yuma.k/research/project/no-checker-enhancement/.venv/lib/python3.9/site-packages/rarfile.py", line 992, in _parse_real
    h = self._parse_header(fd)
  File "/lhome/yuma.k/research/project/no-checker-enhancement/.venv/lib/python3.9/site-packages/rarfile.py", line 1082, in _parse_header
    return self._parse_block_header(fd)
  File "/lhome/yuma.k/research/project/no-checker-enhancement/.venv/lib/python3.9/site-packages/rarfile.py", line 1619, in _parse_block_header
    header_crc, pos = load_le32(start_bytes, 0)
  File "/lhome/yuma.k/research/project/no-checker-enhancement/.venv/lib/python3.9/site-packages/rarfile.py", line 2632, in load_le32
    raise BadRarFile("cannot load le32")
rarfile.BadRarFile: cannot load le32

Set the environment variable HYDRA_FULL_ERROR=1 for a complete stack trace.
